2020-01-02 09:51:07.786 -05:00 [] Updating Logging { Application: "OnionPattern.Api" }
2020-01-02 09:51:13.140 -05:00 [] Setting Kestrel Server Options { Application: "OnionPattern.Api" }
2020-01-02 09:53:33.268 -05:00 [] Updating Logging { Application: "OnionPattern.Api" }
2020-01-02 09:53:35.119 -05:00 [] Setting Kestrel Server Options { Application: "OnionPattern.Api" }
2020-01-02 09:54:04.061 -05:00 [] Updating Logging { Application: "OnionPattern.Api" }
2020-01-02 09:54:41.397 -05:00 [] Setting Kestrel Server Options { Application: "OnionPattern.Api" }
2020-01-02 09:55:49.663 -05:00 [] Retrieving Games List... { Application: "OnionPattern.Api" }
2020-01-02 09:56:15.993 -05:00 [] Retrieving Games List... { Application: "OnionPattern.Api" }
2020-01-02 09:57:15.123 -05:00 [] Retrieving Games List... { Application: "OnionPattern.Api" }
2020-01-02 09:57:26.021 -05:00 [] No Games Returned. { Application: "OnionPattern.Api" }
System.Exception: No Games Returned.
2020-01-02 09:57:26.021 -05:00 [] No Games Returned. { Application: "OnionPattern.Api" }
System.Exception: No Games Returned.
2020-01-02 09:57:26.022 -05:00 [] No Games Returned. { Application: "OnionPattern.Api" }
System.Exception: No Games Returned.
2020-01-02 09:57:32.543 -05:00 [] CorrelationId 4acf3fa1-5bc5-4cf2-8ff0-b389338fd5fe generated { Application: "OnionPattern.Api" }
2020-01-02 09:57:32.544 -05:00 [] CorrelationId 1d7d38d7-a1c9-4e5b-994b-4bbfcbcd8679 generated { Application: "OnionPattern.Api" }
2020-01-02 09:57:33.931 -05:00 [] HTTP GET /api/v1/Banners/all responded 404 in 217 ms { CorrelationId: "4acf3fa1-5bc5-4cf2-8ff0-b389338fd5fe", Application: "OnionPattern.Api" }
2020-01-02 09:57:34.746 -05:00 [] HTTP GET /api/v1/Banners/all responded 404 in 759 ms { CorrelationId: "1d7d38d7-a1c9-4e5b-994b-4bbfcbcd8679", Application: "OnionPattern.Api" }
2020-01-02 09:57:42.802 -05:00 [] CorrelationId ee3b0a94-3ca9-4f64-a2ae-cd491862ca7c generated { Application: "OnionPattern.Api" }
2020-01-02 09:57:42.809 -05:00 [] HTTP GET /api/v1/Banners/all responded 404 in 966 ms { CorrelationId: "ee3b0a94-3ca9-4f64-a2ae-cd491862ca7c", Application: "OnionPattern.Api" }
2020-01-02 09:58:06.172 -05:00 [] Creating Banner Entry for [null]... { Application: "OnionPattern.Api" }
2020-01-02 09:58:06.513 -05:00 [] Created Banner Entry for [null] with Id: [1] { Application: "OnionPattern.Api" }
2020-01-02 09:58:06.535 -05:00 [] CorrelationId 125276a2-1149-4e42-bb3a-1957f4215b7d generated { Application: "OnionPattern.Api" }
2020-01-02 09:58:06.537 -05:00 [] HTTP POST /api/v1/Banners/Create/ responded 200 in 629 ms { CorrelationId: "125276a2-1149-4e42-bb3a-1957f4215b7d", Application: "OnionPattern.Api" }
2020-01-02 09:58:12.652 -05:00 [] Retrieving Games List... { Application: "OnionPattern.Api" }
2020-01-02 09:58:12.722 -05:00 [] Retrieved [1] Games. { Application: "OnionPattern.Api" }
2020-01-02 09:58:12.756 -05:00 [] CorrelationId 92749195-e22f-4a2f-8477-1c12fc8a16f1 generated { Application: "OnionPattern.Api" }
2020-01-02 09:58:12.769 -05:00 [] HTTP GET /api/v1/Banners/all responded 200 in 820 ms { CorrelationId: "92749195-e22f-4a2f-8477-1c12fc8a16f1", Application: "OnionPattern.Api" }
2020-01-02 09:58:32.347 -05:00 [] Retrieving Games List... { Application: "OnionPattern.Api" }
2020-01-02 09:58:32.360 -05:00 [] Retrieved [1] Games. { Application: "OnionPattern.Api" }
2020-01-02 09:58:32.366 -05:00 [] CorrelationId ceb890ce-a792-4add-8901-885ec1e339bd generated { Application: "OnionPattern.Api" }
2020-01-02 09:58:32.378 -05:00 [] HTTP GET /api/v1/Banners/all responded 200 in 903 ms { CorrelationId: "ceb890ce-a792-4add-8901-885ec1e339bd", Application: "OnionPattern.Api" }
2020-01-02 10:36:57.313 -05:00 [] Updating Logging { Application: "OnionPattern.Api" }
2020-01-02 10:37:13.277 -05:00 [] Setting Kestrel Server Options { Application: "OnionPattern.Api" }
2020-01-02 10:39:22.551 -05:00 [] Creating Banner Entry for [null]... { Application: "OnionPattern.Api" }
2020-01-02 10:39:22.976 -05:00 [] Created Banner Entry for [null] with Id: [1] { Application: "OnionPattern.Api" }
2020-01-02 10:39:23.148 -05:00 [] CorrelationId 5fa81597-3b92-4eb1-85b9-8b3f4e5e58e5 generated { Application: "OnionPattern.Api" }
2020-01-02 10:39:23.161 -05:00 [] HTTP POST /api/v1/Banners/Create/ responded 200 in 295 ms { CorrelationId: "5fa81597-3b92-4eb1-85b9-8b3f4e5e58e5", Application: "OnionPattern.Api" }
2020-01-02 10:40:05.535 -05:00 [] Retrieving Games List... { Application: "OnionPattern.Api" }
2020-01-02 10:40:06.061 -05:00 [] Retrieved [1] Games. { Application: "OnionPattern.Api" }
2020-01-02 10:40:06.067 -05:00 [] CorrelationId 83475b96-f3fe-4f25-bf88-c26e0c18db1f generated { Application: "OnionPattern.Api" }
2020-01-02 10:40:06.068 -05:00 [] HTTP GET /api/v1/Banners/all responded 200 in 207 ms { CorrelationId: "83475b96-f3fe-4f25-bf88-c26e0c18db1f", Application: "OnionPattern.Api" }
2020-01-02 10:40:25.101 -05:00 [] Retrieving Games List... { Application: "OnionPattern.Api" }
2020-01-02 10:40:25.115 -05:00 [] Retrieved [1] Games. { Application: "OnionPattern.Api" }
2020-01-02 10:40:25.116 -05:00 [] CorrelationId e63b4c2c-a2e0-44a6-b8af-5bca1f75eee3 generated { Application: "OnionPattern.Api" }
2020-01-02 10:40:25.117 -05:00 [] HTTP GET /api/v1/Banners/all responded 200 in 222 ms { CorrelationId: "e63b4c2c-a2e0-44a6-b8af-5bca1f75eee3", Application: "OnionPattern.Api" }
2020-01-02 10:40:33.270 -05:00 [] Creating Banner Entry for [null]... { Application: "OnionPattern.Api" }
2020-01-02 10:40:33.274 -05:00 [] Created Banner Entry for [null] with Id: [2] { Application: "OnionPattern.Api" }
2020-01-02 10:40:33.276 -05:00 [] CorrelationId c37959f8-5686-4a05-a7e0-97140871482e generated { Application: "OnionPattern.Api" }
2020-01-02 10:40:33.295 -05:00 [] HTTP POST /api/v1/Banners/Create/ responded 200 in 27 ms { CorrelationId: "c37959f8-5686-4a05-a7e0-97140871482e", Application: "OnionPattern.Api" }
2020-01-02 10:40:39.414 -05:00 [] Retrieving Games List... { Application: "OnionPattern.Api" }
2020-01-02 10:40:39.425 -05:00 [] Retrieved [2] Games. { Application: "OnionPattern.Api" }
2020-01-02 10:40:39.426 -05:00 [] CorrelationId 7b079ad5-8264-4db9-b8c9-cb9f89b52eb0 generated { Application: "OnionPattern.Api" }
2020-01-02 10:40:39.427 -05:00 [] HTTP GET /api/v1/Banners/all responded 200 in 63 ms { CorrelationId: "7b079ad5-8264-4db9-b8c9-cb9f89b52eb0", Application: "OnionPattern.Api" }
2020-01-02 10:42:00.320 -05:00 [] Updating Logging { Application: "OnionPattern.Api" }
2020-01-02 10:42:02.216 -05:00 [] Setting Kestrel Server Options { Application: "OnionPattern.Api" }
2020-01-02 10:43:01.268 -05:00 [] Updating Logging { Application: "OnionPattern.Api" }
2020-01-02 10:43:03.363 -05:00 [] Setting Kestrel Server Options { Application: "OnionPattern.Api" }
2020-01-02 10:44:26.387 -05:00 [] Creating Banner Entry for [dgdsfgdsfg]... { Application: "OnionPattern.Api" }
2020-01-02 10:44:43.593 -05:00 [] Created Banner Entry for [dgdsfgdsfg] with Id: [1] { Application: "OnionPattern.Api" }
2020-01-02 10:44:52.147 -05:00 [] CorrelationId 33b2aff0-727e-4fda-8f89-4e67cb23cc2b generated { Application: "OnionPattern.Api" }
2020-01-02 10:44:53.538 -05:00 [] HTTP POST /api/v1/Banners/Create/ responded 200 in 374 ms { CorrelationId: "33b2aff0-727e-4fda-8f89-4e67cb23cc2b", Application: "OnionPattern.Api" }
2020-01-02 10:46:58.664 -05:00 [] Updating Logging { Application: "OnionPattern.Api" }
2020-01-02 10:47:04.230 -05:00 [] Setting Kestrel Server Options { Application: "OnionPattern.Api" }
2020-01-02 10:47:45.656 -05:00 [] Creating Banner Entry for [null]... { Application: "OnionPattern.Api" }
2020-01-02 10:47:46.136 -05:00 [] Created Banner Entry for [null] with Id: [1] { Application: "OnionPattern.Api" }
2020-01-02 10:47:46.688 -05:00 [] CorrelationId 73d87535-2c2a-4d37-b702-af354bd4231b generated { Application: "OnionPattern.Api" }
2020-01-02 10:47:46.702 -05:00 [] HTTP POST /api/v1/Banners/Create/ responded 200 in 798 ms { CorrelationId: "73d87535-2c2a-4d37-b702-af354bd4231b", Application: "OnionPattern.Api" }
2020-01-02 10:47:56.652 -05:00 [] Creating Banner Entry for [null]... { Application: "OnionPattern.Api" }
2020-01-02 10:51:12.204 -05:00 [] Updating Logging { Application: "OnionPattern.Api" }
2020-01-02 10:51:24.283 -05:00 [] Setting Kestrel Server Options { Application: "OnionPattern.Api" }
2020-01-02 10:52:32.502 -05:00 [] Creating Banner Entry for [null]... { Application: "OnionPattern.Api" }
2020-01-02 10:52:33.267 -05:00 [] Creating Banner Entry for [null]... { Application: "OnionPattern.Api" }
2020-01-02 10:52:33.874 -05:00 [] Creating Banner Entry for [null]... { Application: "OnionPattern.Api" }
2020-01-02 10:52:34.159 -05:00 [] Created Banner Entry for [null] with Id: [3] { Application: "OnionPattern.Api" }
2020-01-02 10:52:34.159 -05:00 [] Created Banner Entry for [null] with Id: [1] { Application: "OnionPattern.Api" }
2020-01-02 10:52:34.159 -05:00 [] Created Banner Entry for [null] with Id: [2] { Application: "OnionPattern.Api" }
2020-01-02 10:52:34.808 -05:00 [] CorrelationId 4b8db446-2551-4daf-ba0c-92e02d5aaa6a generated { Application: "OnionPattern.Api" }
2020-01-02 10:52:34.808 -05:00 [] CorrelationId ec40e726-4a59-4117-bdd8-08461b42a6e0 generated { Application: "OnionPattern.Api" }
2020-01-02 10:52:34.830 -05:00 [] HTTP POST /api/v1/Banners/Create/ responded 200 in 79 ms { CorrelationId: "ec40e726-4a59-4117-bdd8-08461b42a6e0", Application: "OnionPattern.Api" }
2020-01-02 10:52:34.831 -05:00 [] HTTP POST /api/v1/Banners/Create/ responded 200 in 308 ms { CorrelationId: "4b8db446-2551-4daf-ba0c-92e02d5aaa6a", Application: "OnionPattern.Api" }
2020-01-02 10:52:34.913 -05:00 [] CorrelationId 7c501a84-d89d-4d49-be62-6b281727462f generated { Application: "OnionPattern.Api" }
2020-01-02 10:52:34.987 -05:00 [] HTTP POST /api/v1/Banners/Create/ responded 200 in 503 ms { CorrelationId: "7c501a84-d89d-4d49-be62-6b281727462f", Application: "OnionPattern.Api" }
2020-01-02 10:56:22.451 -05:00 [] Updating Logging { Application: "OnionPattern.Api" }
2020-01-02 10:56:26.192 -05:00 [] Setting Kestrel Server Options { Application: "OnionPattern.Api" }
2020-01-02 10:57:05.283 -05:00 [] Creating Banner Entry for [null]... { Application: "OnionPattern.Api" }
2020-01-02 10:57:05.613 -05:00 [] Created Banner Entry for [null] with Id: [1] { Application: "OnionPattern.Api" }
2020-01-02 10:57:06.125 -05:00 [] CorrelationId fc7a0770-3193-446f-bd3a-692b6e963bff generated { Application: "OnionPattern.Api" }
2020-01-02 10:57:06.159 -05:00 [] HTTP POST /api/v1/Banners/Create/ responded 200 in 619 ms { CorrelationId: "fc7a0770-3193-446f-bd3a-692b6e963bff", Application: "OnionPattern.Api" }
2020-01-02 10:57:48.167 -05:00 [] Creating Banner Entry for [null]... { Application: "OnionPattern.Api" }
2020-01-02 10:57:48.177 -05:00 [] Created Banner Entry for [null] with Id: [2] { Application: "OnionPattern.Api" }
2020-01-02 10:57:48.178 -05:00 [] CorrelationId 2c6905e4-b670-4864-8a63-86cf866f4943 generated { Application: "OnionPattern.Api" }
2020-01-02 10:57:48.179 -05:00 [] HTTP POST /api/v1/Banners/Create/ responded 200 in 156 ms { CorrelationId: "2c6905e4-b670-4864-8a63-86cf866f4943", Application: "OnionPattern.Api" }
2020-01-02 10:58:24.584 -05:00 [] Creating Banner Entry for [null]... { Application: "OnionPattern.Api" }
2020-01-02 10:58:24.587 -05:00 [] Created Banner Entry for [null] with Id: [3] { Application: "OnionPattern.Api" }
2020-01-02 10:58:29.359 -05:00 [] CorrelationId ff2c551a-7c70-4383-b06c-2b48e58744f0 generated { Application: "OnionPattern.Api" }
2020-01-02 10:58:29.365 -05:00 [] HTTP POST /api/v1/Banners/Create/ responded 200 in 505 ms { CorrelationId: "ff2c551a-7c70-4383-b06c-2b48e58744f0", Application: "OnionPattern.Api" }
2020-01-02 11:15:13.612 -05:00 [] Updating Logging { Application: "OnionPattern.Api" }
2020-01-02 11:15:15.766 -05:00 [] Setting Kestrel Server Options { Application: "OnionPattern.Api" }
2020-01-02 11:16:34.096 -05:00 [] CorrelationId 1bc38511-d3e0-4df8-96a2-af7c8e6aaae5 generated { Application: "OnionPattern.Api" }
2020-01-02 11:17:23.671 -05:00 [] CorrelationId 40f17ad3-c5a5-497f-89cb-f0f4b5bc5375 generated { Application: "OnionPattern.Api" }
2020-01-02 11:17:33.184 -05:00 [] HTTP POST /api/v1/Banner/Create/ responded 404 in 242 ms { CorrelationId: "1bc38511-d3e0-4df8-96a2-af7c8e6aaae5", Application: "OnionPattern.Api" }
2020-01-02 11:17:33.184 -05:00 [] HTTP POST /api/v1/Banner/Create/ responded 404 in 507 ms { CorrelationId: "40f17ad3-c5a5-497f-89cb-f0f4b5bc5375", Application: "OnionPattern.Api" }
2020-01-02 11:17:42.311 -05:00 [] CorrelationId cc0770a2-2e99-4efa-b126-e5d39c6fcc2a generated { Application: "OnionPattern.Api" }
2020-01-02 11:17:42.313 -05:00 [] HTTP POST /api/v1/Banner/Create/ responded 404 in 2 ms { CorrelationId: "cc0770a2-2e99-4efa-b126-e5d39c6fcc2a", Application: "OnionPattern.Api" }
2020-01-02 11:18:02.005 -05:00 [] Creating Banner Entry for [null]... { Application: "OnionPattern.Api" }
2020-01-02 11:18:02.336 -05:00 [] Created Banner Entry for [null] with Id: [1] { Application: "OnionPattern.Api" }
2020-01-02 11:18:02.751 -05:00 [] CorrelationId 75fdb409-20e8-47af-8f64-d15131d63cb8 generated { Application: "OnionPattern.Api" }
2020-01-02 11:18:02.753 -05:00 [] HTTP POST /api/v1/Banners/Create/ responded 200 in 914 ms { CorrelationId: "75fdb409-20e8-47af-8f64-d15131d63cb8", Application: "OnionPattern.Api" }
2020-01-02 11:21:10.971 -05:00 [] Updating Logging { Application: "OnionPattern.Api" }
2020-01-02 11:21:12.649 -05:00 [] Setting Kestrel Server Options { Application: "OnionPattern.Api" }
2020-01-02 11:21:47.688 -05:00 [] Updating Logging { Application: "OnionPattern.Api" }
2020-01-02 11:21:49.706 -05:00 [] Setting Kestrel Server Options { Application: "OnionPattern.Api" }
2020-01-02 11:22:43.883 -05:00 [] CorrelationId 54dc0bc5-b80f-4610-8bdd-9962856823d8 generated { Application: "OnionPattern.Api" }
2020-01-02 11:22:44.680 -05:00 [] CorrelationId 0f498617-d501-4545-a006-8acd5ff0061e generated { Application: "OnionPattern.Api" }
2020-01-02 11:22:44.732 -05:00 [] HTTP POST /api/v1/Banners/Create/ responded 500 in 829.0317 ms { RequestProtocol: "HTTP/1.1", RequestHost: "localhost:52532", RequestHeaders: [("Cache-Control": "no-cache"), ("Connection": "keep-alive"), ("Content-Type": "application/json"), ("Accept": "*/*"), ("Accept-Encoding": "gzip, deflate"), ("Host": "localhost:52532"), ("User-Agent": "PostmanRuntime/7.20.1"), ("Content-Length": "39"), ("Postman-Token": "6541f4c8-893d-41fe-9663-73838478c9f0")], CorrelationId: "0f498617-d501-4545-a006-8acd5ff0061e", Application: "OnionPattern.Api" }
System.InvalidOperationException: Cannot return null from an action method with a return type of 'Microsoft.AspNetCore.Mvc.IActionResult'.
   at Microsoft.AspNetCore.Mvc.Internal.ActionMethodExecutor.EnsureActionResultNotNull(ObjectMethodExecutor executor, IActionResult actionResult)
   at Microsoft.AspNetCore.Mvc.Internal.ActionMethodExecutor.SyncActionResultExecutor.Execute(IActionResultTypeMapper mapper, ObjectMethodExecutor executor, Object controller, Object[] arguments)
   at Microsoft.AspNetCore.Mvc.Internal.ControllerActionInvoker.InvokeActionMethodAsync()
   at Microsoft.AspNetCore.Mvc.Internal.ControllerActionInvoker.InvokeNextActionFilterAsync()
   at Microsoft.AspNetCore.Mvc.Internal.ControllerActionInvoker.Rethrow(ActionExecutedContext context)
   at Microsoft.AspNetCore.Mvc.Internal.ControllerActionInvoker.Next(State& next, Scope& scope, Object& state, Boolean& isCompleted)
   at Microsoft.AspNetCore.Mvc.Internal.ControllerActionInvoker.InvokeInnerFilterAsync()
   at Microsoft.AspNetCore.Mvc.Internal.ResourceInvoker.InvokeNextResourceFilter()
   at Microsoft.AspNetCore.Mvc.Internal.ResourceInvoker.Rethrow(ResourceExecutedContext context)
   at Microsoft.AspNetCore.Mvc.Internal.ResourceInvoker.Next(State& next, Scope& scope, Object& state, Boolean& isCompleted)
   at Microsoft.AspNetCore.Mvc.Internal.ResourceInvoker.InvokeFilterPipelineAsync()
   at Microsoft.AspNetCore.Mvc.Internal.ResourceInvoker.InvokeAsync()
   at Microsoft.AspNetCore.Builder.RouterMiddleware.Invoke(HttpContext httpContext)
   at OnionPattern.Api.Configuration.Startup.Logging.CorrelationMiddleware.<>c.<<Configure>b__2_0>d.MoveNext() in C:\Users\michael.merchan\Desktop\PROYECTO-DIFARE\DESARROLLO DIFARE\OnionPattern-Develop\OnionPattern\OnionPattern.Api\Configuration\Startup\Logging\CorrelationMiddleware.cs:line 60
2020-01-02 11:22:44.758 -05:00 [] HTTP POST /api/v1/Banners/Create/ responded 500 in 34915.3906 ms { RequestProtocol: "HTTP/1.1", RequestHost: "localhost:52532", RequestHeaders: [("Cache-Control": "no-cache"), ("Connection": "keep-alive"), ("Content-Type": "application/json"), ("Accept": "*/*"), ("Accept-Encoding": "gzip, deflate"), ("Host": "localhost:52532"), ("User-Agent": "PostmanRuntime/7.20.1"), ("Content-Length": "40"), ("Postman-Token": "25bd2a9f-c9fe-4e5c-a7bd-63d3299c96f3")], CorrelationId: "54dc0bc5-b80f-4610-8bdd-9962856823d8", Application: "OnionPattern.Api" }
System.InvalidOperationException: Cannot return null from an action method with a return type of 'Microsoft.AspNetCore.Mvc.IActionResult'.
   at Microsoft.AspNetCore.Mvc.Internal.ActionMethodExecutor.EnsureActionResultNotNull(ObjectMethodExecutor executor, IActionResult actionResult)
   at Microsoft.AspNetCore.Mvc.Internal.ActionMethodExecutor.SyncActionResultExecutor.Execute(IActionResultTypeMapper mapper, ObjectMethodExecutor executor, Object controller, Object[] arguments)
   at Microsoft.AspNetCore.Mvc.Internal.ControllerActionInvoker.InvokeActionMethodAsync()
   at Microsoft.AspNetCore.Mvc.Internal.ControllerActionInvoker.InvokeNextActionFilterAsync()
   at Microsoft.AspNetCore.Mvc.Internal.ControllerActionInvoker.Rethrow(ActionExecutedContext context)
   at Microsoft.AspNetCore.Mvc.Internal.ControllerActionInvoker.Next(State& next, Scope& scope, Object& state, Boolean& isCompleted)
   at Microsoft.AspNetCore.Mvc.Internal.ControllerActionInvoker.InvokeInnerFilterAsync()
   at Microsoft.AspNetCore.Mvc.Internal.ResourceInvoker.InvokeNextResourceFilter()
   at Microsoft.AspNetCore.Mvc.Internal.ResourceInvoker.Rethrow(ResourceExecutedContext context)
   at Microsoft.AspNetCore.Mvc.Internal.ResourceInvoker.Next(State& next, Scope& scope, Object& state, Boolean& isCompleted)
   at Microsoft.AspNetCore.Mvc.Internal.ResourceInvoker.InvokeFilterPipelineAsync()
   at Microsoft.AspNetCore.Mvc.Internal.ResourceInvoker.InvokeAsync()
   at Microsoft.AspNetCore.Builder.RouterMiddleware.Invoke(HttpContext httpContext)
   at OnionPattern.Api.Configuration.Startup.Logging.CorrelationMiddleware.<>c.<<Configure>b__2_0>d.MoveNext() in C:\Users\michael.merchan\Desktop\PROYECTO-DIFARE\DESARROLLO DIFARE\OnionPattern-Develop\OnionPattern\OnionPattern.Api\Configuration\Startup\Logging\CorrelationMiddleware.cs:line 60
2020-01-02 11:24:19.445 -05:00 [] Updating Logging { Application: "OnionPattern.Api" }
2020-01-02 11:24:22.441 -05:00 [] Setting Kestrel Server Options { Application: "OnionPattern.Api" }
2020-01-02 11:25:05.780 -05:00 [] CorrelationId 1c930bc5-1499-42a7-9dac-c3253f759f28 generated { Application: "OnionPattern.Api" }
2020-01-02 11:25:05.780 -05:00 [] CorrelationId 8ea1d5f1-6e45-4de9-8037-c1bf910caf09 generated { Application: "OnionPattern.Api" }
2020-01-02 11:25:25.023 -05:00 [] HTTP POST /api/v1/Banners/Create/ responded 500 in 59051.2885 ms { RequestProtocol: "HTTP/1.1", RequestHost: "localhost:52532", RequestHeaders: [("Cache-Control": "no-cache"), ("Connection": "keep-alive"), ("Content-Type": "application/json"), ("Accept": "*/*"), ("Accept-Encoding": "gzip, deflate"), ("Host": "localhost:52532"), ("User-Agent": "PostmanRuntime/7.20.1"), ("Content-Length": "17"), ("Postman-Token": "c08a4842-4e36-43e8-844d-62c6a445165c")], CorrelationId: "8ea1d5f1-6e45-4de9-8037-c1bf910caf09", Application: "OnionPattern.Api" }
System.InvalidOperationException: Cannot return null from an action method with a return type of 'Microsoft.AspNetCore.Mvc.IActionResult'.
   at Microsoft.AspNetCore.Mvc.Internal.ActionMethodExecutor.EnsureActionResultNotNull(ObjectMethodExecutor executor, IActionResult actionResult)
   at Microsoft.AspNetCore.Mvc.Internal.ActionMethodExecutor.SyncActionResultExecutor.Execute(IActionResultTypeMapper mapper, ObjectMethodExecutor executor, Object controller, Object[] arguments)
   at Microsoft.AspNetCore.Mvc.Internal.ControllerActionInvoker.InvokeActionMethodAsync()
   at Microsoft.AspNetCore.Mvc.Internal.ControllerActionInvoker.InvokeNextActionFilterAsync()
   at Microsoft.AspNetCore.Mvc.Internal.ControllerActionInvoker.Rethrow(ActionExecutedContext context)
   at Microsoft.AspNetCore.Mvc.Internal.ControllerActionInvoker.Next(State& next, Scope& scope, Object& state, Boolean& isCompleted)
   at Microsoft.AspNetCore.Mvc.Internal.ControllerActionInvoker.InvokeInnerFilterAsync()
   at Microsoft.AspNetCore.Mvc.Internal.ResourceInvoker.InvokeNextResourceFilter()
   at Microsoft.AspNetCore.Mvc.Internal.ResourceInvoker.Rethrow(ResourceExecutedContext context)
   at Microsoft.AspNetCore.Mvc.Internal.ResourceInvoker.Next(State& next, Scope& scope, Object& state, Boolean& isCompleted)
   at Microsoft.AspNetCore.Mvc.Internal.ResourceInvoker.InvokeFilterPipelineAsync()
   at Microsoft.AspNetCore.Mvc.Internal.ResourceInvoker.InvokeAsync()
   at Microsoft.AspNetCore.Builder.RouterMiddleware.Invoke(HttpContext httpContext)
   at OnionPattern.Api.Configuration.Startup.Logging.CorrelationMiddleware.<>c.<<Configure>b__2_0>d.MoveNext() in C:\Users\michael.merchan\Desktop\PROYECTO-DIFARE\DESARROLLO DIFARE\OnionPattern-Develop\OnionPattern\OnionPattern.Api\Configuration\Startup\Logging\CorrelationMiddleware.cs:line 60
2020-01-02 11:25:25.028 -05:00 [] HTTP POST /api/v1/Banners/Create/ responded 500 in 26644.2416 ms { RequestProtocol: "HTTP/1.1", RequestHost: "localhost:52532", RequestHeaders: [("Cache-Control": "no-cache"), ("Connection": "keep-alive"), ("Content-Type": "application/json"), ("Accept": "*/*"), ("Accept-Encoding": "gzip, deflate"), ("Host": "localhost:52532"), ("User-Agent": "PostmanRuntime/7.20.1"), ("Content-Length": "17"), ("Postman-Token": "19cc0663-b48d-49ad-84cd-21d4541256d8")], CorrelationId: "1c930bc5-1499-42a7-9dac-c3253f759f28", Application: "OnionPattern.Api" }
System.InvalidOperationException: Cannot return null from an action method with a return type of 'Microsoft.AspNetCore.Mvc.IActionResult'.
   at Microsoft.AspNetCore.Mvc.Internal.ActionMethodExecutor.EnsureActionResultNotNull(ObjectMethodExecutor executor, IActionResult actionResult)
   at Microsoft.AspNetCore.Mvc.Internal.ActionMethodExecutor.SyncActionResultExecutor.Execute(IActionResultTypeMapper mapper, ObjectMethodExecutor executor, Object controller, Object[] arguments)
   at Microsoft.AspNetCore.Mvc.Internal.ControllerActionInvoker.InvokeActionMethodAsync()
   at Microsoft.AspNetCore.Mvc.Internal.ControllerActionInvoker.InvokeNextActionFilterAsync()
   at Microsoft.AspNetCore.Mvc.Internal.ControllerActionInvoker.Rethrow(ActionExecutedContext context)
   at Microsoft.AspNetCore.Mvc.Internal.ControllerActionInvoker.Next(State& next, Scope& scope, Object& state, Boolean& isCompleted)
   at Microsoft.AspNetCore.Mvc.Internal.ControllerActionInvoker.InvokeInnerFilterAsync()
   at Microsoft.AspNetCore.Mvc.Internal.ResourceInvoker.InvokeNextResourceFilter()
   at Microsoft.AspNetCore.Mvc.Internal.ResourceInvoker.Rethrow(ResourceExecutedContext context)
   at Microsoft.AspNetCore.Mvc.Internal.ResourceInvoker.Next(State& next, Scope& scope, Object& state, Boolean& isCompleted)
   at Microsoft.AspNetCore.Mvc.Internal.ResourceInvoker.InvokeFilterPipelineAsync()
   at Microsoft.AspNetCore.Mvc.Internal.ResourceInvoker.InvokeAsync()
   at Microsoft.AspNetCore.Builder.RouterMiddleware.Invoke(HttpContext httpContext)
   at OnionPattern.Api.Configuration.Startup.Logging.CorrelationMiddleware.<>c.<<Configure>b__2_0>d.MoveNext() in C:\Users\michael.merchan\Desktop\PROYECTO-DIFARE\DESARROLLO DIFARE\OnionPattern-Develop\OnionPattern\OnionPattern.Api\Configuration\Startup\Logging\CorrelationMiddleware.cs:line 60
2020-01-02 11:28:19.872 -05:00 [] Updating Logging { Application: "OnionPattern.Api" }
2020-01-02 11:28:21.687 -05:00 [] Setting Kestrel Server Options { Application: "OnionPattern.Api" }
2020-01-02 11:29:22.662 -05:00 [] CorrelationId fcdcb93d-239e-4734-8adf-9027f2869c21 generated { Application: "OnionPattern.Api" }
2020-01-02 11:29:28.906 -05:00 [] HTTP POST /api/v1/Banners/Create/ responded 500 in 50354.6603 ms { RequestProtocol: "HTTP/1.1", RequestHost: "localhost:52532", RequestHeaders: [("Cache-Control": "no-cache"), ("Connection": "keep-alive"), ("Content-Type": "application/json"), ("Accept": "*/*"), ("Accept-Encoding": "gzip, deflate"), ("Host": "localhost:52532"), ("User-Agent": "PostmanRuntime/7.20.1"), ("Content-Length": "34"), ("Postman-Token": "d48627ce-4ade-4f81-b15b-621b2d04ed91")], CorrelationId: "fcdcb93d-239e-4734-8adf-9027f2869c21", Application: "OnionPattern.Api" }
System.InvalidOperationException: Cannot return null from an action method with a return type of 'Microsoft.AspNetCore.Mvc.IActionResult'.
   at Microsoft.AspNetCore.Mvc.Internal.ActionMethodExecutor.EnsureActionResultNotNull(ObjectMethodExecutor executor, IActionResult actionResult)
   at Microsoft.AspNetCore.Mvc.Internal.ActionMethodExecutor.SyncActionResultExecutor.Execute(IActionResultTypeMapper mapper, ObjectMethodExecutor executor, Object controller, Object[] arguments)
   at Microsoft.AspNetCore.Mvc.Internal.ControllerActionInvoker.InvokeActionMethodAsync()
   at Microsoft.AspNetCore.Mvc.Internal.ControllerActionInvoker.InvokeNextActionFilterAsync()
   at Microsoft.AspNetCore.Mvc.Internal.ControllerActionInvoker.Rethrow(ActionExecutedContext context)
   at Microsoft.AspNetCore.Mvc.Internal.ControllerActionInvoker.Next(State& next, Scope& scope, Object& state, Boolean& isCompleted)
   at Microsoft.AspNetCore.Mvc.Internal.ControllerActionInvoker.InvokeInnerFilterAsync()
   at Microsoft.AspNetCore.Mvc.Internal.ResourceInvoker.InvokeNextResourceFilter()
   at Microsoft.AspNetCore.Mvc.Internal.ResourceInvoker.Rethrow(ResourceExecutedContext context)
   at Microsoft.AspNetCore.Mvc.Internal.ResourceInvoker.Next(State& next, Scope& scope, Object& state, Boolean& isCompleted)
   at Microsoft.AspNetCore.Mvc.Internal.ResourceInvoker.InvokeFilterPipelineAsync()
   at Microsoft.AspNetCore.Mvc.Internal.ResourceInvoker.InvokeAsync()
   at Microsoft.AspNetCore.Builder.RouterMiddleware.Invoke(HttpContext httpContext)
   at OnionPattern.Api.Configuration.Startup.Logging.CorrelationMiddleware.<>c.<<Configure>b__2_0>d.MoveNext() in C:\Users\michael.merchan\Desktop\PROYECTO-DIFARE\DESARROLLO DIFARE\OnionPattern-Develop\OnionPattern\OnionPattern.Api\Configuration\Startup\Logging\CorrelationMiddleware.cs:line 60
2020-01-02 11:30:34.382 -05:00 [] Updating Logging { Application: "OnionPattern.Api" }
2020-01-02 11:30:36.338 -05:00 [] Setting Kestrel Server Options { Application: "OnionPattern.Api" }
2020-01-02 11:37:38.388 -05:00 [] Updating Logging { Application: "OnionPattern.Api" }
2020-01-02 11:37:40.331 -05:00 [] Setting Kestrel Server Options { Application: "OnionPattern.Api" }
2020-01-02 11:51:00.137 -05:00 [] Updating Logging { Application: "OnionPattern.Api" }
2020-01-02 11:51:04.078 -05:00 [] Setting Kestrel Server Options { Application: "OnionPattern.Api" }
2020-01-02 11:52:22.244 -05:00 [] CorrelationId b79afd22-b184-407a-9b97-961f1728824e generated { Application: "OnionPattern.Api" }
2020-01-02 11:52:22.265 -05:00 [] HTTP GET /api/v1/Banners/Create/ responded 400 in 459 ms { CorrelationId: "b79afd22-b184-407a-9b97-961f1728824e", Application: "OnionPattern.Api" }
2020-01-02 11:53:46.903 -05:00 [] Creating Banner Entry for [null]... { Application: "OnionPattern.Api" }
2020-01-02 11:53:47.308 -05:00 [] Created Banner Entry for [null] with Id: [1] { Application: "OnionPattern.Api" }
2020-01-02 11:53:49.959 -05:00 [] CorrelationId 1aa340cf-64eb-4e59-9c69-5eaaa077a277 generated { Application: "OnionPattern.Api" }
2020-01-02 11:53:49.963 -05:00 [] HTTP POST /api/v1/Banners/Create/ responded 200 in 148 ms { CorrelationId: "1aa340cf-64eb-4e59-9c69-5eaaa077a277", Application: "OnionPattern.Api" }
2020-01-02 11:57:38.768 -05:00 [] Updating Logging { Application: "OnionPattern.Api" }
2020-01-02 11:57:40.915 -05:00 [] Setting Kestrel Server Options { Application: "OnionPattern.Api" }
2020-01-02 12:02:00.941 -05:00 [] Creating Banner Entry for [null]... { Application: "OnionPattern.Api" }
2020-01-02 12:02:01.298 -05:00 [] Created Banner Entry for [null] with Id: [1] { Application: "OnionPattern.Api" }
2020-01-02 12:02:01.527 -05:00 [] CorrelationId f3da0937-47fa-4e84-a71a-2b0d7cd92ce5 generated { Application: "OnionPattern.Api" }
2020-01-02 12:02:01.563 -05:00 [] HTTP POST /api/v1/Banners/Create/ responded 200 in 174 ms { CorrelationId: "f3da0937-47fa-4e84-a71a-2b0d7cd92ce5", Application: "OnionPattern.Api" }
2020-01-02 12:02:16.064 -05:00 [] Creating Banner Entry for [null]... { Application: "OnionPattern.Api" }
2020-01-02 12:02:16.074 -05:00 [] Created Banner Entry for [null] with Id: [2] { Application: "OnionPattern.Api" }
2020-01-02 12:02:16.096 -05:00 [] CorrelationId fef9f456-18ab-4f93-8294-2cf147cf04ad generated { Application: "OnionPattern.Api" }
2020-01-02 12:02:16.107 -05:00 [] HTTP POST /api/v1/Banners/Create/ responded 200 in 8 ms { CorrelationId: "fef9f456-18ab-4f93-8294-2cf147cf04ad", Application: "OnionPattern.Api" }
2020-01-02 12:02:34.620 -05:00 [] Creating Banner Entry for [null]... { Application: "OnionPattern.Api" }
2020-01-02 12:02:34.623 -05:00 [] Created Banner Entry for [null] with Id: [3] { Application: "OnionPattern.Api" }
2020-01-02 12:02:34.625 -05:00 [] CorrelationId 01e2b3ec-bc44-47ab-874a-e052cabf9e4a generated { Application: "OnionPattern.Api" }
2020-01-02 12:02:34.632 -05:00 [] HTTP POST /api/v1/Banners/Create/ responded 200 in 496 ms { CorrelationId: "01e2b3ec-bc44-47ab-874a-e052cabf9e4a", Application: "OnionPattern.Api" }
2020-01-02 12:02:44.846 -05:00 [] Creating Banner Entry for [null]... { Application: "OnionPattern.Api" }
2020-01-02 12:02:44.851 -05:00 [] Created Banner Entry for [null] with Id: [4] { Application: "OnionPattern.Api" }
2020-01-02 12:02:44.853 -05:00 [] CorrelationId 486a7480-3c3f-4010-b8d3-154e4201790c generated { Application: "OnionPattern.Api" }
2020-01-02 12:02:44.859 -05:00 [] HTTP POST /api/v1/Banners/Create/ responded 200 in 258 ms { CorrelationId: "486a7480-3c3f-4010-b8d3-154e4201790c", Application: "OnionPattern.Api" }
2020-01-02 12:03:06.286 -05:00 [] Creating Banner Entry for [null]... { Application: "OnionPattern.Api" }
2020-01-02 12:03:06.342 -05:00 [] Created Banner Entry for [null] with Id: [5] { Application: "OnionPattern.Api" }
2020-01-02 12:03:06.343 -05:00 [] CorrelationId 1e9cc1d5-91b6-48f1-9b6b-d59514f382e5 generated { Application: "OnionPattern.Api" }
2020-01-02 12:03:06.345 -05:00 [] HTTP POST /api/v1/Banners/Create/ responded 200 in 345 ms { CorrelationId: "1e9cc1d5-91b6-48f1-9b6b-d59514f382e5", Application: "OnionPattern.Api" }
2020-01-02 12:05:18.118 -05:00 [] Updating Logging { Application: "OnionPattern.Api" }
2020-01-02 12:05:20.218 -05:00 [] Setting Kestrel Server Options { Application: "OnionPattern.Api" }
2020-01-02 12:16:46.069 -05:00 [] Updating Logging { Application: "OnionPattern.Api" }
2020-01-02 12:19:51.925 -05:00 [] Setting Kestrel Server Options { Application: "OnionPattern.Api" }
2020-01-02 12:22:13.580 -05:00 [] Updating Logging { Application: "OnionPattern.Api" }
2020-01-02 12:22:18.235 -05:00 [] Setting Kestrel Server Options { Application: "OnionPattern.Api" }
2020-01-02 12:23:04.372 -05:00 [] CorrelationId fb7da9f9-535b-4cb5-8ae9-f5cce9005638 generated { Application: "OnionPattern.Api" }
2020-01-02 12:23:04.399 -05:00 [] HTTP POST /api/Default responded 400 in 271 ms { CorrelationId: "fb7da9f9-535b-4cb5-8ae9-f5cce9005638", Application: "OnionPattern.Api" }
2020-01-02 12:25:21.769 -05:00 [] CorrelationId 753166ae-f107-474d-ad1f-8c5c8b947612 generated { Application: "OnionPattern.Api" }
2020-01-02 12:25:21.937 -05:00 [] HTTP POST /api/V1/Default responded 404 in 168 ms { CorrelationId: "753166ae-f107-474d-ad1f-8c5c8b947612", Application: "OnionPattern.Api" }
2020-01-02 12:27:05.437 -05:00 [] Updating Logging { Application: "OnionPattern.Api" }
2020-01-02 12:27:07.621 -05:00 [] Setting Kestrel Server Options { Application: "OnionPattern.Api" }
2020-01-02 12:29:35.469 -05:00 [] Updating Logging { Application: "OnionPattern.Api" }
2020-01-02 12:29:37.448 -05:00 [] Setting Kestrel Server Options { Application: "OnionPattern.Api" }
2020-01-02 12:32:38.403 -05:00 [] CorrelationId 65bd6d07-63d4-4928-a9b0-66a9b058ee9d generated { Application: "OnionPattern.Api" }
2020-01-02 12:32:38.427 -05:00 [] HTTP POST /api/V1/Default responded 200 in 559 ms { CorrelationId: "65bd6d07-63d4-4928-a9b0-66a9b058ee9d", Application: "OnionPattern.Api" }
2020-01-02 12:33:02.800 -05:00 [] CorrelationId 409eac63-368a-40e7-89fe-e147f4074eb2 generated { Application: "OnionPattern.Api" }
2020-01-02 12:33:02.812 -05:00 [] HTTP POST /api/V1/Default responded 200 in 863 ms { CorrelationId: "409eac63-368a-40e7-89fe-e147f4074eb2", Application: "OnionPattern.Api" }
2020-01-02 12:33:52.121 -05:00 [] Updating Logging { Application: "OnionPattern.Api" }
2020-01-02 12:33:54.507 -05:00 [] Setting Kestrel Server Options { Application: "OnionPattern.Api" }
2020-01-02 12:35:09.201 -05:00 [] Updating Logging { Application: "OnionPattern.Api" }
2020-01-02 12:35:11.219 -05:00 [] Setting Kestrel Server Options { Application: "OnionPattern.Api" }
2020-01-02 12:37:05.984 -05:00 [] Updating Logging { Application: "OnionPattern.Api" }
2020-01-02 12:37:08.355 -05:00 [] Setting Kestrel Server Options { Application: "OnionPattern.Api" }
2020-01-02 12:44:26.082 -05:00 [] Updating Logging { Application: "OnionPattern.Api" }
2020-01-02 12:44:27.839 -05:00 [] Setting Kestrel Server Options { Application: "OnionPattern.Api" }
2020-01-02 12:45:11.663 -05:00 [] Updating Logging { Application: "OnionPattern.Api" }
2020-01-02 12:45:14.161 -05:00 [] Setting Kestrel Server Options { Application: "OnionPattern.Api" }
2020-01-02 12:45:35.406 -05:00 [] CorrelationId 7d9d3ad0-1ba9-4492-ab68-3cb0f921a266 generated { Application: "OnionPattern.Api" }
2020-01-02 12:45:35.422 -05:00 [] HTTP POST /api/V1/Default responded 200 in 443 ms { CorrelationId: "7d9d3ad0-1ba9-4492-ab68-3cb0f921a266", Application: "OnionPattern.Api" }
2020-01-02 12:46:09.774 -05:00 [] CorrelationId a98226d7-4495-48eb-a938-63d69c414b35 generated { Application: "OnionPattern.Api" }
2020-01-02 12:46:09.776 -05:00 [] HTTP POST /api/V1/Banners responded 404 in 16 ms { CorrelationId: "a98226d7-4495-48eb-a938-63d69c414b35", Application: "OnionPattern.Api" }
2020-01-02 12:46:27.718 -05:00 [] Creating Banner Entry for [walk dog]... { Application: "OnionPattern.Api" }
2020-01-02 12:46:28.077 -05:00 [] Created Banner Entry for [walk dog] with Id: [1] { Application: "OnionPattern.Api" }
2020-01-02 12:46:28.108 -05:00 [] CorrelationId 7fdb3d9d-df4f-4676-bd1f-49aacd325ac7 generated { Application: "OnionPattern.Api" }
2020-01-02 12:46:28.109 -05:00 [] HTTP POST /api/v1/Banners/Create/ responded 200 in 674 ms { CorrelationId: "7fdb3d9d-df4f-4676-bd1f-49aacd325ac7", Application: "OnionPattern.Api" }
2020-01-02 12:47:45.026 -05:00 [] Retrieving Games List... { Application: "OnionPattern.Api" }
2020-01-02 12:47:45.784 -05:00 [] Retrieved [1] Games. { Application: "OnionPattern.Api" }
2020-01-02 12:47:45.814 -05:00 [] CorrelationId aea20ef9-cf3d-4708-9393-35d6eaf5b533 generated { Application: "OnionPattern.Api" }
2020-01-02 12:47:45.824 -05:00 [] HTTP GET /api/v1/Banners/all responded 200 in 808 ms { CorrelationId: "aea20ef9-cf3d-4708-9393-35d6eaf5b533", Application: "OnionPattern.Api" }
2020-01-02 14:19:06.903 -05:00 [] Updating Logging { Application: "OnionPattern.Api" }
2020-01-02 14:19:10.473 -05:00 [] Setting Kestrel Server Options { Application: "OnionPattern.Api" }
2020-01-02 14:19:45.956 -05:00 [] Creating Banner Entry for [L]... { Application: "OnionPattern.Api" }
2020-01-02 14:19:46.300 -05:00 [] Created Banner Entry for [L] with Id: [1] { Application: "OnionPattern.Api" }
2020-01-02 14:19:46.504 -05:00 [] CorrelationId bcd7be0b-2789-4239-afc2-dfa9329b18e0 generated { Application: "OnionPattern.Api" }
2020-01-02 14:19:46.518 -05:00 [] HTTP POST /api/v1/Banners/Create responded 200 in 21 ms { CorrelationId: "bcd7be0b-2789-4239-afc2-dfa9329b18e0", Application: "OnionPattern.Api" }
2020-01-02 14:19:57.913 -05:00 [] Retrieving Games List... { Application: "OnionPattern.Api" }
2020-01-02 14:19:58.382 -05:00 [] Retrieved [1] Games. { Application: "OnionPattern.Api" }
2020-01-02 14:19:58.391 -05:00 [] CorrelationId 1054eb92-4628-4632-8737-3109f9758698 generated { Application: "OnionPattern.Api" }
2020-01-02 14:19:58.397 -05:00 [] HTTP GET /api/v1/Banners/all responded 200 in 521 ms { CorrelationId: "1054eb92-4628-4632-8737-3109f9758698", Application: "OnionPattern.Api" }
2020-01-02 14:20:09.876 -05:00 [] Retrieving banner title : [1] { Application: "OnionPattern.Api" }
2020-01-02 14:20:10.003 -05:00 [] CorrelationId 4c437bd4-2791-4f1b-a7bb-b4c6e0c0a051 generated { Application: "OnionPattern.Api" }
2020-01-02 14:20:10.007 -05:00 [] HTTP GET /api/v1/Banners/get/1 responded 200 in 175 ms { CorrelationId: "4c437bd4-2791-4f1b-a7bb-b4c6e0c0a051", Application: "OnionPattern.Api" }
2020-01-02 14:20:16.529 -05:00 [] Retrieving banner title : [2] { Application: "OnionPattern.Api" }
2020-01-02 14:20:16.537 -05:00 [] No banner found by id : [2]. { Application: "OnionPattern.Api" }
System.Exception: No banner found by id : [2].
2020-01-02 14:20:16.568 -05:00 [] CorrelationId 04713c29-02b9-41b2-a8e5-217387677dd4 generated { Application: "OnionPattern.Api" }
2020-01-02 14:20:16.569 -05:00 [] HTTP GET /api/v1/Banners/get/2 responded 404 in 42 ms { CorrelationId: "04713c29-02b9-41b2-a8e5-217387677dd4", Application: "OnionPattern.Api" }
2020-01-02 15:36:51.244 -05:00 [] Updating Logging { Application: "OnionPattern.Api" }
2020-01-02 15:36:53.283 -05:00 [] Setting Kestrel Server Options { Application: "OnionPattern.Api" }
2020-01-02 15:41:08.814 -05:00 [] Updating Logging { Application: "OnionPattern.Api" }
2020-01-02 15:41:10.550 -05:00 [] Setting Kestrel Server Options { Application: "OnionPattern.Api" }
2020-01-02 15:41:44.389 -05:00 [] Retrieving Games List... { Application: "OnionPattern.Api" }
2020-01-02 15:41:44.741 -05:00 [] No Games Returned. { Application: "OnionPattern.Api" }
System.Exception: No Games Returned.
2020-01-02 15:41:44.961 -05:00 [] CorrelationId 3469300a-33fa-4524-8491-f03cf01e9627 generated { Application: "OnionPattern.Api" }
2020-01-02 15:41:44.997 -05:00 [] HTTP GET /api/v1/Banners/all responded 404 in 578 ms { CorrelationId: "3469300a-33fa-4524-8491-f03cf01e9627", Application: "OnionPattern.Api" }
2020-01-02 15:52:07.744 -05:00 [] Updating Logging { Application: "OnionPattern.Api" }
2020-01-02 15:52:10.041 -05:00 [] Setting Kestrel Server Options { Application: "OnionPattern.Api" }
2020-01-02 15:52:36.897 -05:00 [] Recuperando lista de Banners... { Application: "OnionPattern.Api" }
2020-01-02 15:52:37.239 -05:00 [] No hay banners deuveltos. { Application: "OnionPattern.Api" }
System.Exception: No hay banners deuveltos.
2020-01-02 15:52:37.375 -05:00 [] CorrelationId 9e7bb50e-30a3-4c2d-a17c-a5dc653b5479 generated { Application: "OnionPattern.Api" }
2020-01-02 15:52:37.383 -05:00 [] HTTP GET /api/v1/Banners/all responded 404 in 266 ms { CorrelationId: "9e7bb50e-30a3-4c2d-a17c-a5dc653b5479", Application: "OnionPattern.Api" }
2020-01-02 15:53:49.687 -05:00 [] Recuperando lista de Banners... { Application: "OnionPattern.Api" }
2020-01-02 15:53:49.705 -05:00 [] No hay banners develtos. { Application: "OnionPattern.Api" }
System.Exception: No hay banners develtos.
2020-01-02 15:53:49.707 -05:00 [] CorrelationId 424bc402-0ee7-47f1-acc1-dd899c0dd121 generated { Application: "OnionPattern.Api" }
2020-01-02 15:53:49.714 -05:00 [] HTTP GET /api/v1/Banners/all responded 404 in 47 ms { CorrelationId: "424bc402-0ee7-47f1-acc1-dd899c0dd121", Application: "OnionPattern.Api" }
2020-01-02 15:54:16.340 -05:00 [] Recuperando lista de Banners... { Application: "OnionPattern.Api" }
2020-01-02 15:54:16.376 -05:00 [] No hay banners devueltos. { Application: "OnionPattern.Api" }
System.Exception: No hay banners devueltos.
2020-01-02 15:54:16.377 -05:00 [] CorrelationId 7c7f6ce2-216f-4c6e-a13f-682d8006bef7 generated { Application: "OnionPattern.Api" }
2020-01-02 15:54:16.411 -05:00 [] HTTP GET /api/v1/Banners/all responded 404 in 73 ms { CorrelationId: "7c7f6ce2-216f-4c6e-a13f-682d8006bef7", Application: "OnionPattern.Api" }
2020-01-02 15:54:27.185 -05:00 [] Recuperando banner por Id : [1] { Application: "OnionPattern.Api" }
2020-01-02 15:54:27.297 -05:00 [] banner no encontrado por  id : [1]. { Application: "OnionPattern.Api" }
System.Exception: banner no encontrado por  id : [1].
2020-01-02 15:54:27.302 -05:00 [] CorrelationId fae0ff34-9b00-4afc-b75b-da091c0f3d91 generated { Application: "OnionPattern.Api" }
2020-01-02 15:54:27.312 -05:00 [] HTTP GET /api/v1/Banners/get/1 responded 404 in 300 ms { CorrelationId: "fae0ff34-9b00-4afc-b75b-da091c0f3d91", Application: "OnionPattern.Api" }
2020-01-02 15:54:46.827 -05:00 [] Creando Banner Con nombre [dffgsdffg]... { Application: "OnionPattern.Api" }
2020-01-02 15:54:47.070 -05:00 [] Banner creado con el nombre [dffgsdffg] con el Id: [1] { Application: "OnionPattern.Api" }
2020-01-02 15:54:47.082 -05:00 [] CorrelationId e7f0bec0-261f-4c9b-a6c1-ac15890503c9 generated { Application: "OnionPattern.Api" }
2020-01-02 15:54:47.094 -05:00 [] HTTP POST /api/v1/Banners/Create responded 200 in 479 ms { CorrelationId: "e7f0bec0-261f-4c9b-a6c1-ac15890503c9", Application: "OnionPattern.Api" }
2020-01-02 15:55:05.432 -05:00 [] Actualizando Banner por Id: [2] con nuevo nombre: [string]... { Application: "OnionPattern.Api" }
2020-01-02 15:55:05.478 -05:00 [] No se pudo encontrar el banner con el id: [2]. { Application: "OnionPattern.Api" }
System.Exception: No se pudo encontrar el banner con el id: [2].
2020-01-02 15:55:05.481 -05:00 [] CorrelationId de9c5df4-045d-40cb-8b00-61169068d13a generated { Application: "OnionPattern.Api" }
2020-01-02 15:55:05.486 -05:00 [] HTTP PUT /api/v1/Banners/Update responded 404 in 94 ms { CorrelationId: "de9c5df4-045d-40cb-8b00-61169068d13a", Application: "OnionPattern.Api" }
2020-01-02 15:55:19.507 -05:00 [] Actualizando Banner por Id: [1] con nuevo nombre: [string]... { Application: "OnionPattern.Api" }
2020-01-02 15:55:19.590 -05:00 [] Actualizado con exito el banner con Id: [1] con nuevo nombre [string]. { Application: "OnionPattern.Api" }
2020-01-02 15:55:19.595 -05:00 [] CorrelationId 1a9f5e08-d01b-43d1-a3fc-6f6efb851d2e generated { Application: "OnionPattern.Api" }
2020-01-02 15:55:19.595 -05:00 [] HTTP PUT /api/v1/Banners/Update responded 200 in 94 ms { CorrelationId: "1a9f5e08-d01b-43d1-a3fc-6f6efb851d2e", Application: "OnionPattern.Api" }
2020-01-02 15:57:21.384 -05:00 [] Updating Logging { Application: "OnionPattern.Api" }
2020-01-02 15:57:23.006 -05:00 [] Setting Kestrel Server Options { Application: "OnionPattern.Api" }
2020-01-02 15:58:03.630 -05:00 [] Creando Banner Con nombre [string]... { Application: "OnionPattern.Api" }
2020-01-02 15:58:03.921 -05:00 [] Banner creado con el nombre [string] con el Id: [1] { Application: "OnionPattern.Api" }
2020-01-02 15:58:04.034 -05:00 [] CorrelationId 9ce311de-70d5-477d-b47b-2c825439387c generated { Application: "OnionPattern.Api" }
2020-01-02 15:58:04.042 -05:00 [] HTTP POST /api/v1/Banners responded 200 in 510 ms { CorrelationId: "9ce311de-70d5-477d-b47b-2c825439387c", Application: "OnionPattern.Api" }
2020-01-02 15:58:13.004 -05:00 [] Recuperando lista de Banners... { Application: "OnionPattern.Api" }
2020-01-02 15:58:13.393 -05:00 [] Devuelto [1] Banners. { Application: "OnionPattern.Api" }
2020-01-02 15:58:13.398 -05:00 [] CorrelationId cc0c0613-08cf-467e-b5d8-7f4e7c20df23 generated { Application: "OnionPattern.Api" }
2020-01-02 15:58:13.413 -05:00 [] HTTP GET /api/v1/Banners responded 200 in 430 ms { CorrelationId: "cc0c0613-08cf-467e-b5d8-7f4e7c20df23", Application: "OnionPattern.Api" }
2020-01-02 15:58:31.157 -05:00 [] Creando Banner Con nombre [string]... { Application: "OnionPattern.Api" }
2020-01-02 15:58:31.173 -05:00 [] Banner creado con el nombre [string] con el Id: [2] { Application: "OnionPattern.Api" }
2020-01-02 15:58:31.183 -05:00 [] CorrelationId 9a238542-295b-471a-b260-7af94fc458c0 generated { Application: "OnionPattern.Api" }
2020-01-02 15:58:31.192 -05:00 [] HTTP POST /api/v1/Banners responded 200 in 38 ms { CorrelationId: "9a238542-295b-471a-b260-7af94fc458c0", Application: "OnionPattern.Api" }
2020-01-02 15:58:38.135 -05:00 [] Recuperando lista de Banners... { Application: "OnionPattern.Api" }
2020-01-02 15:58:38.162 -05:00 [] Devuelto [2] Banners. { Application: "OnionPattern.Api" }
2020-01-02 15:58:38.163 -05:00 [] CorrelationId 780fd09c-35c3-4e3e-8f00-7a4989a422ec generated { Application: "OnionPattern.Api" }
2020-01-02 15:58:38.168 -05:00 [] HTTP GET /api/v1/Banners responded 200 in 33 ms { CorrelationId: "780fd09c-35c3-4e3e-8f00-7a4989a422ec", Application: "OnionPattern.Api" }
2020-01-02 15:58:59.617 -05:00 [] Input Id debe ser 1 or mayor. { Application: "OnionPattern.Api" }
System.ArgumentException: Input Id debe ser 1 or mayor.
   at OnionPattern.Service.Requests.Banner.UpdateBannerRequest.CheckInputValidity(UpdateBannerInput input) in C:\Users\michael.merchan\Desktop\PROYECTO-DIFARE\DESARROLLO DIFARE\OnionPattern-Develop\OnionPattern\OnionPattern.Service\Requests\Banner\UpdateBannerRequest.cs:line 62
   at OnionPattern.Service.Requests.Banner.UpdateBannerRequest.Execute(UpdateBannerInput input) in C:\Users\michael.merchan\Desktop\PROYECTO-DIFARE\DESARROLLO DIFARE\OnionPattern-Develop\OnionPattern\OnionPattern.Service\Requests\Banner\UpdateBannerRequest.cs:line 26
2020-01-02 15:58:59.802 -05:00 [] CorrelationId 0250cdbf-1081-4afc-9276-e1c9f1606e1a generated { Application: "OnionPattern.Api" }
2020-01-02 15:58:59.808 -05:00 [] HTTP PUT /api/v1/Banners responded 500 in 325 ms { CorrelationId: "0250cdbf-1081-4afc-9276-e1c9f1606e1a", Application: "OnionPattern.Api" }
2020-01-02 15:59:10.855 -05:00 [] Actualizando Banner por Id: [1] con nuevo nombre: [asdf]... { Application: "OnionPattern.Api" }
2020-01-02 15:59:11.021 -05:00 [] Actualizado con exito el banner con Id: [1] con nuevo nombre [asdf]. { Application: "OnionPattern.Api" }
2020-01-02 15:59:11.024 -05:00 [] CorrelationId d991f6f8-1309-4c1f-bdcc-e02fc516c999 generated { Application: "OnionPattern.Api" }
2020-01-02 15:59:11.028 -05:00 [] HTTP PUT /api/v1/Banners responded 200 in 179 ms { CorrelationId: "d991f6f8-1309-4c1f-bdcc-e02fc516c999", Application: "OnionPattern.Api" }
2020-01-02 15:59:30.996 -05:00 [] Actualizando Banner por Id: [1] con nuevo nombre: [asdfasdfasdfasdf]... { Application: "OnionPattern.Api" }
2020-01-02 15:59:31.001 -05:00 [] Actualizado con exito el banner con Id: [1] con nuevo nombre [asdfasdfasdfasdf]. { Application: "OnionPattern.Api" }
2020-01-02 15:59:31.009 -05:00 [] CorrelationId 0f3cebcb-9f80-4312-bbe6-8527b1b034ff generated { Application: "OnionPattern.Api" }
2020-01-02 15:59:31.026 -05:00 [] HTTP PUT /api/v1/Banners responded 200 in 30 ms { CorrelationId: "0f3cebcb-9f80-4312-bbe6-8527b1b034ff", Application: "OnionPattern.Api" }
2020-01-02 15:59:52.519 -05:00 [] Recuperando banner por Id : [2] { Application: "OnionPattern.Api" }
2020-01-02 15:59:52.537 -05:00 [] CorrelationId ca16b652-4d2d-481f-af29-7d9f30216dd8 generated { Application: "OnionPattern.Api" }
2020-01-02 15:59:52.543 -05:00 [] HTTP GET /api/v1/Banners/2 responded 200 in 66 ms { CorrelationId: "ca16b652-4d2d-481f-af29-7d9f30216dd8", Application: "OnionPattern.Api" }
2020-01-02 16:00:08.036 -05:00 [] Eliminando el Banner por Id:[1]... { Application: "OnionPattern.Api" }
2020-01-02 16:00:08.068 -05:00 [] Banner eliminado [asdfasdfasdfasdf] por Id:[1]. { Application: "OnionPattern.Api" }
2020-01-02 16:00:08.069 -05:00 [] CorrelationId b593240d-b0c8-42af-863d-a599ba21dea1 generated { Application: "OnionPattern.Api" }
2020-01-02 16:00:08.081 -05:00 [] HTTP DELETE /api/v1/Banners/1 responded 200 in 50 ms { CorrelationId: "b593240d-b0c8-42af-863d-a599ba21dea1", Application: "OnionPattern.Api" }
2020-01-02 16:00:19.573 -05:00 [] Recuperando lista de Banners... { Application: "OnionPattern.Api" }
2020-01-02 16:00:19.576 -05:00 [] Devuelto [1] Banners. { Application: "OnionPattern.Api" }
2020-01-02 16:00:19.580 -05:00 [] CorrelationId fcaaccd5-0f2b-472c-8105-b4323ac39781 generated { Application: "OnionPattern.Api" }
2020-01-02 16:00:19.587 -05:00 [] HTTP GET /api/v1/Banners responded 200 in 14 ms { CorrelationId: "fcaaccd5-0f2b-472c-8105-b4323ac39781", Application: "OnionPattern.Api" }
2020-01-02 16:08:24.930 -05:00 [] Updating Logging { Application: "OnionPattern.Api" }
2020-01-02 16:08:55.230 -05:00 [] Updating Logging { Application: "OnionPattern.Api" }
2020-01-02 16:09:57.569 -05:00 [] Updating Logging { Application: "OnionPattern.Api" }
2020-01-02 16:10:58.850 -05:00 [] Updating Logging { Application: "OnionPattern.Api" }
2020-01-02 16:11:00.616 -05:00 [] Setting Kestrel Server Options { Application: "OnionPattern.Api" }
2020-01-02 16:11:25.674 -05:00 [] Creando Banner Con nombre [asdf]... { Application: "OnionPattern.Api" }
2020-01-02 16:11:25.986 -05:00 [] Banner creado con el nombre [asdf] con el Id: [1] { Application: "OnionPattern.Api" }
2020-01-02 16:11:26.121 -05:00 [] CorrelationId 4851a822-d8b7-436a-9143-8b0099c8c915 generated { Application: "OnionPattern.Api" }
2020-01-02 16:11:26.129 -05:00 [] HTTP POST /api/v1/Banners responded 200 in 102 ms { CorrelationId: "4851a822-d8b7-436a-9143-8b0099c8c915", Application: "OnionPattern.Api" }
2020-01-02 16:11:36.403 -05:00 [] Recuperando lista de Banners... { Application: "OnionPattern.Api" }
2020-01-02 16:11:36.851 -05:00 [] Devuelto [1] Banners. { Application: "OnionPattern.Api" }
2020-01-02 16:11:36.864 -05:00 [] CorrelationId 1a5e2ac9-b1f9-4df5-8684-5a18319e3916 generated { Application: "OnionPattern.Api" }
2020-01-02 16:11:36.867 -05:00 [] HTTP GET /api/v1/Banners responded 200 in 474 ms { CorrelationId: "1a5e2ac9-b1f9-4df5-8684-5a18319e3916", Application: "OnionPattern.Api" }
2020-01-02 16:12:01.551 -05:00 [] Eliminando el Banner por Id:[1]... { Application: "OnionPattern.Api" }
2020-01-02 16:12:01.661 -05:00 [] Banner eliminado [asdf] por Id:[1]. { Application: "OnionPattern.Api" }
2020-01-02 16:12:01.663 -05:00 [] CorrelationId 204139d7-5edd-4987-9625-cdb715a32831 generated { Application: "OnionPattern.Api" }
2020-01-02 16:12:01.669 -05:00 [] HTTP DELETE /api/v1/Banners/1 responded 200 in 169 ms { CorrelationId: "204139d7-5edd-4987-9625-cdb715a32831", Application: "OnionPattern.Api" }
2020-01-02 16:12:12.092 -05:00 [] Recuperando lista de Banners... { Application: "OnionPattern.Api" }
2020-01-02 16:12:12.104 -05:00 [] No hay banners devueltos. { Application: "OnionPattern.Api" }
System.Exception: No hay banners devueltos.
2020-01-02 16:12:12.132 -05:00 [] CorrelationId 666febdf-1786-4ae3-8734-2eaf795e2564 generated { Application: "OnionPattern.Api" }
2020-01-02 16:12:12.150 -05:00 [] HTTP GET /api/v1/Banners responded 404 in 60 ms { CorrelationId: "666febdf-1786-4ae3-8734-2eaf795e2564", Application: "OnionPattern.Api" }
2020-01-02 16:14:50.618 -05:00 [] Updating Logging { Application: "OnionPattern.Api" }
2020-01-02 16:14:52.650 -05:00 [] Setting Kestrel Server Options { Application: "OnionPattern.Api" }
2020-01-02 16:40:27.591 -05:00 [] Updating Logging { Application: "OnionPattern.Api" }
2020-01-02 16:40:29.700 -05:00 [] Setting Kestrel Server Options { Application: "OnionPattern.Api" }
